6:0; "Первый канал "Евразия" ;15.12.2009;6:0;"ОБРУЧАЛЬНОЕ КОЛЬЦО". Многосерийный фильм (каз.);7;2;0
6:00;;;;;7;2;0
7:0; "Первый канал "Евразия" ;15.12.2009;7:0;Телеканал "Доброе утро";63;3;3
7:00;;;;;63;3;3
10:0; "Первый канал "Евразия" ;15.12.2009;10:0;Новости;31;3;4
10:5; "Первый канал "Евразия" ;15.12.2009;10:5;"ПАУТИНА-3" (каз.);20;5;0
10:55; "Первый канал "Евразия" ;15.12.2009;10:55;"САКВОЯЖ СО СВЕТЛЫМ БУДУЩИМ" (каз.);5;1;0
10:00;;;;;56;9;4
11:50; "Первый канал "Евразия" ;15.12.2009;11:50;"Контрольная закупка" (каз.);10;0;2
11:00;;;;;10;0;2
12:20; "Первый канал "Евразия" ;15.12.2009;12:20;"СЛЕД" (каз.);9;1;1
12:00;;;;;9;1;1
13:5; "Первый канал "Евразия" ;15.12.2009;13:5;"ИВАН ПОДУШКИН. ДЖЕНТЛЬМЕН СЫСКА". Многосерийный фильм (каз.);5;2;0
13:00;;;;;5;2;0
14:0; "Первый канал "Евразия" ;15.12.2009;14:0;"СПАЛЬНЫЙ РАЙОН". Многосерийный фильм (каз.);13;4;1
14:30; "Первый канал "Евразия" ;15.12.2009;14:30;"ОБРУЧАЛЬНОЕ КОЛЬЦО". Многосерийный фильм (каз.);23;2;3
14:00;;;;;36;6;4
15:15; "Первый канал "Евразия" ;15.12.2009;15:15;"Малахов+";89;13;7
15:00;;;;;89;13;7
16:10; "Первый канал "Евразия" ;15.12.2009;16:10;"Федеральный судья";70;8;10
16:00;;;;;70;8;10
17:5; "Первый канал "Евразия" ;15.12.2009;17:5;"Давай поженимся!";80;6;8
17:00;;;;;80;6;8
18:0; "Первый канал "Евразия" ;15.12.2009;18:0;Детектив по роману Татьяны Устиновой. "САКВОЯЖ СО СВЕТЛЫМ БУДУЩИМ" (каз.);9;1;3
18:00;;;;;9;1;3
19:0; "Первый канал "Евразия" ;15.12.2009;19:0;Вечерние новости;73;9;5
19:20; "Первый канал "Евразия" ;15.12.2009;19:20;"СЛЕД" (каз.);42;7;8
19:00;;;;;115;16;13
20:10; "Первый канал "Евразия" ;15.12.2009;20:10;Погода;24;3;1
20:15; "Первый канал "Евразия" ;15.12.2009;20:15;"Пусть говорят" с Андреем Малаховым;192;13;7
20:00;;;;;216;16;8
21:0; "Первый канал "Евразия" ;15.12.2009;21:0;Многосерийный детектив "ПАУТИНА-3" (каз.);53;9;4
21:00;;;;;53;9;4
22:0; "Первый канал "Евразия" ;15.12.2009;22:0;Время;274;17;10
22:30; "Первый канал "Евразия" ;15.12.2009;22:30;Погода;8;0;0
22:35; "Первый канал "Евразия" ;15.12.2009;22:35;"ЛАПУШКИ". Многосерийный фильм;126;15;6
22:00;;;;;408;32;16
23:45; "Первый канал "Евразия" ;15.12.2009;23:45;Многосерийный фильм "ОМУТ";55;5;5
23:00;;;;;55;5;5
0:40; "Первый канал "Евразия" ;15.12.2009;0:40;"Я БУДУ ВАМ СНИТЬСЯ..." НИКИТА МИХАЙЛОВСКИЙ;16;2;0
0:00;;;;;16;2;0
1:35; "Первый канал "Евразия" ;15.12.2009;1:35;"СПАЛЬНЫЙ РАЙОН". Многосерийный фильм (каз.);2;0;1
1:00;;;;;2;0;1
2:10; "Первый канал "Евразия" ;15.12.2009;2:10;"ИВАН ПОДУШКИН. ДЖЕНТЛЬМЕН СЫСКА". Многосерийный фильм (каз.);2;1;0
2:40;;;;;2;1;0
